<?xml version="1.0" encoding="UTF-8"?>
<!-- Generated by org.testng.reporters.JUnitXMLReporter -->
<testsuite ignored="0" hostname="DESKTOP-JJ6ULOB" failures="0" tests="1" name="Test" time="0.072" errors="0" timestamp="2022-03-28T19:48:07 IST">
  <testcase classname="com.vandvtechsolution.netbanking.testbase.TestBase" name="@BeforeTest setUp" time="-1.648477086516E9">
    <failure type="org.testng.TestNGException" message="
Parameter &amp;apos;browser&amp;apos; is required by BeforeTest on method setUp but has not been marked @Optional or defined
in C:\Users\Vishal\eclipse-workspace\hybridFramework\testng.xml">
      <![CDATA[org.testng.TestNGException: 
Parameter 'browser' is required by BeforeTest on method setUp but has not been marked @Optional or defined
in C:\Users\Vishal\eclipse-workspace\hybridFramework\testng.xml
... Removed 21 stack frames]]>
    </failure>
  </testcase> <!-- @BeforeTest setUp -->
  <testcase classname="com.vandvtechsolution.netbanking.testbase.TestBase" name="@AfterTest tearDown" time="-1.648477086577E9">
    <skipped/>
  </testcase> <!-- @AfterTest tearDown -->
  <testcase classname="com.vandvtechsolution.netbanking.testcases.LoginTc001" name="verifyLoginFunctionalityTC001" time="0.0">
    <skipped/>
  </testcase> <!-- verifyLoginFunctionalityTC001 -->
</testsuite> <!-- Test -->
